Determining if the pthread_create exist failed with the following output:
Change Dir: /home/ros/Desktop/yjj/build/CMakeFiles/CMakeTmp

Run Build Command:"/usr/bin/make" "cmTC_39522/fast"
/usr/bin/make -f CMakeFiles/cmTC_39522.dir/build.make CMakeFiles/cmTC_39522.dir/build
make[1]: Entering directory '/home/ros/Desktop/yjj/build/CMakeFiles/CMakeTmp'
Building C object CMakeFiles/cmTC_39522.dir/CheckSymbolExists.c.o
/usr/bin/cc     -o CMakeFiles/cmTC_39522.dir/CheckSymbolExists.c.o   -c /home/ros/Desktop/yjj/build/CMakeFiles/CMakeTmp/CheckSymbolExists.c
Linking C executable cmTC_39522
/usr/bin/cmake -E cmake_link_script CMakeFiles/cmTC_39522.dir/link.txt --verbose=1
/usr/bin/cc       CMakeFiles/cmTC_39522.dir/CheckSymbolExists.c.o  -o cmTC_39522 -rdynamic 
CMakeFiles/cmTC_39522.dir/CheckSymbolExists.c.o：在函数‘main’中：
CheckSymbolExists.c:(.text+0x16)：对‘pthread_create’未定义的引用
collect2: error: ld returned 1 exit status
CMakeFiles/cmTC_39522.dir/build.make:97: recipe for target 'cmTC_39522' failed
make[1]: *** [cmTC_39522] Error 1
make[1]: Leaving directory '/home/ros/Desktop/yjj/build/CMakeFiles/CMakeTmp'
Makefile:126: recipe for target 'cmTC_39522/fast' failed
make: *** [cmTC_39522/fast] Error 2

File /home/ros/Desktop/yjj/build/CMakeFiles/CMakeTmp/CheckSymbolExists.c:
/* */
#include <pthread.h>

int main(int argc, char** argv)
{
  (void)argv;
#ifndef pthread_create
  return ((int*)(&pthread_create))[argc];
#else
  (void)argc;
  return 0;
#endif
}

Determining if the function pthread_create exists in the pthreads failed with the following output:
Change Dir: /home/ros/Desktop/yjj/build/CMakeFiles/CMakeTmp

Run Build Command:"/usr/bin/make" "cmTC_83ab7/fast"
/usr/bin/make -f CMakeFiles/cmTC_83ab7.dir/build.make CMakeFiles/cmTC_83ab7.dir/build
make[1]: Entering directory '/home/ros/Desktop/yjj/build/CMakeFiles/CMakeTmp'
Building C object CMakeFiles/cmTC_83ab7.dir/CheckFunctionExists.c.o
/usr/bin/cc    -DCHECK_FUNCTION_EXISTS=pthread_create   -o CMakeFiles/cmTC_83ab7.dir/CheckFunctionExists.c.o   -c /usr/share/cmake-3.5/Modules/CheckFunctionExists.c
Linking C executable cmTC_83ab7
/usr/bin/cmake -E cmake_link_script CMakeFiles/cmTC_83ab7.dir/link.txt --verbose=1
/usr/bin/cc   -DCHECK_FUNCTION_EXISTS=pthread_create    CMakeFiles/cmTC_83ab7.dir/CheckFunctionExists.c.o  -o cmTC_83ab7 -rdynamic -lpthreads 
/usr/bin/ld: 找不到 -lpthreads
collect2: error: ld returned 1 exit status
CMakeFiles/cmTC_83ab7.dir/build.make:97: recipe for target 'cmTC_83ab7' failed
make[1]: *** [cmTC_83ab7] Error 1
make[1]: Leaving directory '/home/ros/Desktop/yjj/build/CMakeFiles/CMakeTmp'
Makefile:126: recipe for target 'cmTC_83ab7/fast' failed
make: *** [cmTC_83ab7/fast] Error 2


